<?xml version="1.0" encoding="UTF-8"?>
<!-- Generated by org.testng.reporters.JUnitXMLReporter -->
<testsuite hostname="Inboundsys-Mac-Dhanalakshmi.local" ignored="0" name="curiosityboxlogin Test Cases" tests="4" failures="0" timestamp="24 Oct 2018 06:13:54 GMT" time="39.458" errors="0">
  <testcase name="verifyloginpageTest" time="0.343" classname="com.curiositybox.testcases.LoginPageTest"/>
  <testcase name="urlverifyTest" time="0.072" classname="com.curiositybox.testcases.LoginPageTest"/>
  <testcase name="loginFormverifyTest" time="3.997" classname="com.curiositybox.testcases.LoginPageTest"/>
  <testcase name="loginTest" time="7.778" classname="com.curiositybox.testcases.LoginPageTest"/>
</testsuite> <!-- curiosityboxlogin Test Cases -->
