<?xml version="1.0" encoding="UTF-8"?>
<!-- Generated by org.testng.reporters.JUnitXMLReporter -->
<testsuite hostname="Inboundsys-Mac-Dhanalakshmi.local" ignored="0" name="curiosityboxHome Test Cases" tests="2" failures="0" timestamp="18 Oct 2018 05:08:35 GMT" time="29.531" errors="0">
  <testcase name="titleVerifyTest" time="0.018" classname="com.curiositybox.testcases.HomePageTest"/>
  <testcase name="verifyUsername" time="0.162" classname="com.curiositybox.testcases.HomePageTest"/>
</testsuite> <!-- curiosityboxHome Test Cases -->
