<?xml version="1.0" encoding="UTF-8"?>
<!-- Generated by org.testng.reporters.JUnitXMLReporter -->
<testsuite hostname="Inboundsys-Mac-Dhanalakshmi.local" ignored="0" name="curiosityboxHomepage Test Cases" tests="3" failures="0" timestamp="24 Oct 2018 06:14:53 GMT" time="53.434" errors="0">
  <testcase name="titleVerifyTest" time="0.018" classname="com.curiositybox.testcases.HomePageTest"/>
  <testcase name="verifyUsername" time="0.11" classname="com.curiositybox.testcases.HomePageTest"/>
  <testcase name="verifyFooterLinksTest" time="0.734" classname="com.curiositybox.testcases.HomePageTest"/>
</testsuite> <!-- curiosityboxHomepage Test Cases -->
