<?xml version="1.0" encoding="UTF-8"?>
<!-- Generated by org.testng.reporters.JUnitXMLReporter -->
<testsuite hostname="Inboundsys-Mac-Dhanalakshmi.local" ignored="0" name="curiosityboxSignup Test Cases" tests="2" failures="0" timestamp="24 Oct 2018 06:13:10 GMT" time="27.821" errors="0">
  <testcase name="registerFormverifyTest" time="4.337" classname="com.curiositybox.testcases.SignUpPageTest"/>
  <testcase name="registerTest" time="5.895" classname="com.curiositybox.testcases.SignUpPageTest"/>
</testsuite> <!-- curiosityboxSignup Test Cases -->
