<?xml version="1.0" encoding="UTF-8"?>
<!-- Generated by org.testng.reporters.JUnitXMLReporter -->
<testsuite hostname="Inboundsys-Mac-Dhanalakshmi.local" ignored="0" name="curiosityboxGiftspage Test Cases" tests="2" failures="0" timestamp="24 Oct 2018 06:15:49 GMT" time="50.928" errors="0">
  <testcase name="titleVerifyTest" time="0.059" classname="com.curiositybox.testcases.GiftsPageTest"/>
  <testcase name="VerifyProductTest" time="11.077" classname="com.curiositybox.testcases.GiftsPageTest"/>
</testsuite> <!-- curiosityboxGiftspage Test Cases -->
