<?xml version="1.0" encoding="UTF-8"?>
<!-- Generated by org.testng.reporters.JUnitXMLReporter -->
<testsuite hostname="Inboundsys-Mac-Dhanalakshmi.local" ignored="0" name="curiositybox Test Cases" tests="2" failures="0" timestamp="15 Oct 2018 09:31:13 GMT" time="26.835" errors="0">
  <testcase name="registerFormverifyTest" time="3.671" classname="com.curiositybox.testcases.SignUpPageTest"/>
  <testcase name="registerTest" time="6.074" classname="com.curiositybox.testcases.SignUpPageTest"/>
</testsuite> <!-- curiositybox Test Cases -->
