<?xml version="1.0" encoding="UTF-8"?>
<!-- Generated by org.testng.reporters.JUnitXMLReporter -->
<testsuite hostname="Inboundsys-Mac-Dhanalakshmi.local" ignored="0" name="curiosityboxGifts Test Cases" tests="2" failures="0" timestamp="18 Oct 2018 09:34:35 GMT" time="51.121" errors="0">
  <testcase name="titleVerifyTest" time="0.078" classname="com.curiositybox.testcases.GiftsPageTest"/>
  <testcase name="VerifyProductTest" time="8.544" classname="com.curiositybox.testcases.GiftsPageTest"/>
</testsuite> <!-- curiosityboxGifts Test Cases -->
