<?xml version="1.0" encoding="UTF-8"?>
<!-- Generated by org.testng.reporters.JUnitXMLReporter -->
<testsuite hostname="Nitesh" ignored="0" name="Test2s" tests="4" failures="0" timestamp="10 Apr 2019 05:49:52 GMT" time="75.665" errors="0">
  <testcase name="verifyloginpageTest" time="0.254" classname="com.curiositybox.testcases.LoginPageTest"/>
  <testcase name="urlverifyTest" time="0.027" classname="com.curiositybox.testcases.LoginPageTest"/>
  <testcase name="loginFormverifyTest" time="5.679" classname="com.curiositybox.testcases.LoginPageTest"/>
  <testcase name="loginTest" time="6.307" classname="com.curiositybox.testcases.LoginPageTest"/>
</testsuite> <!-- Test2s -->
