<?xml version="1.0" encoding="UTF-8"?>
<!-- Generated by org.testng.reporters.JUnitXMLReporter -->
<testsuite hostname="Nitesh" ignored="0" name="Test1s" tests="2" failures="1" timestamp="10 Apr 2019 05:48:36 GMT" time="66.142" errors="0">
  <testcase name="titleVerifyTest" time="0.015" classname="com.curiositybox.testcases.GiftsPageTest"/>
  <testcase name="VerifyProductTest" time="8.843" classname="com.curiositybox.testcases.GiftsPageTest">
    <failure type="java.lang.AssertionError" message="expected [Lab Coat] but found [Chunky Magnifiers]">
      <![CDATA[java.lang.AssertionError: expected [Lab Coat] but found [Chunky Magnifiers]
at com.curiositybox.testcases.GiftsPageTest.VerifyProductTest(GiftsPageTest.java:51)
... Removed 31 stack frames]]>
    </failure>
  </testcase> <!-- VerifyProductTest -->
</testsuite> <!-- Test1s -->
