<?xml version="1.0" encoding="UTF-8"?>
<!-- Generated by org.testng.reporters.JUnitXMLReporter -->
<testsuite hostname="Nitesh" ignored="0" name="Test3s" tests="3" failures="0" timestamp="10 Apr 2019 05:51:01 GMT" time="69.742" errors="0">
  <testcase name="titleVerifyTest" time="0.007" classname="com.curiositybox.testcases.HomePageTest"/>
  <testcase name="verifyUsername" time="0.081" classname="com.curiositybox.testcases.HomePageTest"/>
  <testcase name="verifyFooterLinksTest" time="0.529" classname="com.curiositybox.testcases.HomePageTest"/>
</testsuite> <!-- Test3s -->
